c:\users\liam\desktop\dif code stuff\aiebootstrap\temp\project2d\debug\vc140.pdb
c:\users\liam\desktop\dif code stuff\aiebootstrap\temp\project2d\debug\vc140.idb
c:\users\liam\desktop\dif code stuff\aiebootstrap\temp\project2d\debug\application2d.obj
c:\users\liam\desktop\dif code stuff\aiebootstrap\temp\project2d\debug\entity.obj
c:\users\liam\desktop\dif code stuff\aiebootstrap\temp\project2d\debug\gameobj.obj
c:\users\liam\desktop\dif code stuff\aiebootstrap\temp\project2d\debug\main.obj
c:\users\liam\desktop\dif code stuff\aiebootstrap\temp\project2d\debug\objectpool.obj
c:\users\liam\desktop\dif code stuff\aiebootstrap\temp\project2d\debug\state.obj
c:\users\liam\desktop\dif code stuff\aiebootstrap\temp\project2d\debug\gamestate.obj
c:\users\liam\desktop\dif code stuff\aiebootstrap\temp\project2d\debug\menustate.obj
c:\users\liam\desktop\dif code stuff\aiebootstrap\temp\project2d\debug\pausestate.obj
c:\users\liam\desktop\dif code stuff\aiebootstrap\temp\project2d\debug\statemachine.obj
c:\users\liam\desktop\dif code stuff\aiebootstrap\temp\project2d\debug\loadscreen.obj
c:\users\liam\desktop\dif code stuff\aiebootstrap\temp\project2d\debug\splash.obj
c:\users\s171162\desktop\bootstrap\temp\project2d\debug\vc140.pdb
c:\users\s171162\desktop\bootstrap\temp\project2d\debug\vc140.idb
c:\users\s171162\desktop\bootstrap\temp\project2d\debug\state.obj
c:\users\s171162\desktop\bootstrap\temp\project2d\debug\statemachine.obj
c:\users\s171162\desktop\bootstrap\temp\project2d\debug\main.obj
c:\users\liam\desktop\dif code stuff\aiebootstrap\temp\project2d\debug\project2d.ilk
c:\users\liam\desktop\dif code stuff\aiebootstrap\temp\project2d\debug\project2d.exe
c:\users\liam\desktop\dif code stuff\aiebootstrap\temp\project2d\debug\project2d.pdb
c:\users\s171162\desktop\bootstrap\temp\project2d\debug\colideman.obj
c:\users\s171162\desktop\bootstrap\temp\project2d\debug\enemy.obj
c:\users\s171162\desktop\bootstrap\temp\project2d\debug\entity.obj
c:\users\s171162\desktop\bootstrap\temp\project2d\debug\gameobj.obj
c:\users\s171162\desktop\bootstrap\temp\project2d\debug\gamestate.obj
c:\users\s171162\desktop\bootstrap\temp\project2d\debug\loadscreen.obj
c:\users\s171162\desktop\bootstrap\temp\project2d\debug\matrix2.obj
c:\users\s171162\desktop\bootstrap\temp\project2d\debug\matrix3.obj
c:\users\s171162\desktop\bootstrap\temp\project2d\debug\matrix4.obj
c:\users\s171162\desktop\bootstrap\temp\project2d\debug\menustate.obj
c:\users\s171162\desktop\bootstrap\temp\project2d\debug\objectpool.obj
c:\users\s171162\desktop\bootstrap\temp\project2d\debug\pausestate.obj
c:\users\s171162\desktop\bootstrap\temp\project2d\debug\source.obj
c:\users\s171162\desktop\bootstrap\temp\project2d\debug\splash.obj
c:\users\s171162\desktop\bootstrap\temp\project2d\debug\vector2.obj
c:\users\s171162\desktop\bootstrap\temp\project2d\debug\vector3.obj
c:\users\s171162\desktop\bootstrap\temp\project2d\debug\vector4.obj
c:\users\s171162\desktop\bootstrap\temp\project2d\debug\application2d.obj.enc
c:\users\s171162\desktop\bootstrap\temp\project2d\debug\project2d.ilk
c:\users\s171162\desktop\bootstrap\temp\project2d\debug\project2d.pdb
c:\users\s171162\desktop\bootstrap\temp\project2d\debug\project2d.exe
c:\users\s171162\desktop\bootstrap\temp\project2d\debug\project2d.tlog\cl.command.1.tlog
c:\users\s171162\desktop\bootstrap\temp\project2d\debug\project2d.tlog\cl.read.1.tlog
c:\users\s171162\desktop\bootstrap\temp\project2d\debug\project2d.tlog\cl.write.1.tlog
c:\users\s171162\desktop\bootstrap\temp\project2d\debug\project2d.tlog\link.command.1.tlog
c:\users\s171162\desktop\bootstrap\temp\project2d\debug\project2d.tlog\link.read.1.tlog
c:\users\s171162\desktop\bootstrap\temp\project2d\debug\project2d.tlog\link.write.1.tlog
